02.02.2025 11:46:11 - AlorPy.Stream - INFO - Текущий стакан MOEX.SBER
02.02.2025 11:46:12 - AlorPy.Stream - DEBUG - {'snapshot': True, 'bids': [], 'asks': [], 'timestamp': 1738356606, 'ms_timestamp': 1738356606835, 'existing': True}
02.02.2025 11:46:12 - AlorPy.Stream - INFO - Визуализация стакана котировок
02.02.2025 11:46:12 - AlorPy.Stream - INFO - 5 секунд стакана
02.02.2025 11:46:13 - AlorPy.Stream - INFO - Подписка на стакан 1097c76b-f266-48fd-b3e8-bd3fedca22a8 тикера MOEX.SBER создана
02.02.2025 11:46:13 - AlorPy - DEBUG - websocket_handler: Пришли данные подписки OrderBookGetAndSubscribe - 1097c76b-f266-48fd-b3e8-bd3fedca22a8 - {'data': {'snapshot': True, 'bids': [], 'asks': [], 'timestamp': 1738356606, 'ms_timestamp': 1738356606835, 'existing': True}, 'guid': '1097c76b-f266-48fd-b3e8-bd3fedca22a8'}
02.02.2025 11:46:13 - AlorPy.Stream - INFO - Стакан - {'snapshot': True, 'bids': [], 'asks': [], 'timestamp': 1738356606, 'ms_timestamp': 1738356606835, 'existing': True}
02.02.2025 11:46:18 - AlorPy.Stream - INFO - Подписка на стакан 9a487394-a5c6-4115-9f40-4aa5e941822f отменена
02.02.2025 11:46:18 - AlorPy.Stream - INFO - Текущие котировки MOEX.SBER
02.02.2025 11:46:20 - AlorPy.Stream - DEBUG - {'symbol': 'SBER', 'exchange': 'MOEX', 'description': 'Сбербанк России ПАО ао', 'prev_close_price': 281.97, 'last_price': 280.73, 'last_price_timestamp': 1738356597, 'high_price': 284.11, 'low_price': 280.27, 'accruedInt': 0, 'volume': 40333120, 'open_interest': None, 'ask': 306, 'bid': 258.8, 'ask_vol': 0, 'bid_vol': 0, 'ob_ms_timestamp': 0, 'open_price': 281.97, 'yield': None, 'lotsize': 10, 'lotvalue': 2807.3, 'facevalue': 3, 'type': 'CS', 'total_bid_vol': 0, 'total_ask_vol': 0, 'accrued_interest': 0, 'change': -1.24, 'change_percent': -0.44}
02.02.2025 11:46:20 - AlorPy.Stream - INFO - Последняя цена сделки: 280.73
02.02.2025 11:46:20 - AlorPy.Stream - INFO - 5 секунд котировок
02.02.2025 11:46:20 - AlorPy.Stream - INFO - Подписка на котировки 0a0e23d4-e94a-4579-9a86-d1dbe3794e74 тикера MOEX.SBER создана
02.02.2025 11:46:20 - AlorPy - DEBUG - websocket_handler: Пришли данные подписки QuotesSubscribe - 0a0e23d4-e94a-4579-9a86-d1dbe3794e74 - {'data': {'symbol': 'SBER', 'exchange': 'MOEX', 'description': 'Сбербанк России ПАО ао', 'prev_close_price': 281.97, 'last_price': 280.73, 'last_price_timestamp': 1738356597, 'high_price': 284.11, 'low_price': 280.27, 'accruedInt': 0, 'volume': 40333120, 'open_interest': None, 'ask': 306, 'bid': 258.8, 'ask_vol': 0, 'bid_vol': 0, 'ob_ms_timestamp': 0, 'open_price': 281.97, 'yield': None, 'lotsize': 10, 'lotvalue': 2807.3, 'facevalue': 3, 'type': 'CS', 'total_bid_vol': 0, 'total_ask_vol': 0, 'accrued_interest': 0, 'change': -1.24, 'change_percent': -0.44}, 'guid': '0a0e23d4-e94a-4579-9a86-d1dbe3794e74'}
02.02.2025 11:46:20 - AlorPy.Stream - INFO - Котировка - {'symbol': 'SBER', 'exchange': 'MOEX', 'description': 'Сбербанк России ПАО ао', 'prev_close_price': 281.97, 'last_price': 280.73, 'last_price_timestamp': 1738356597, 'high_price': 284.11, 'low_price': 280.27, 'accruedInt': 0, 'volume': 40333120, 'open_interest': None, 'ask': 306, 'bid': 258.8, 'ask_vol': 0, 'bid_vol': 0, 'ob_ms_timestamp': 0, 'open_price': 281.97, 'yield': None, 'lotsize': 10, 'lotvalue': 2807.3, 'facevalue': 3, 'type': 'CS', 'total_bid_vol': 0, 'total_ask_vol': 0, 'accrued_interest': 0, 'change': -1.24, 'change_percent': -0.44}
02.02.2025 11:46:25 - AlorPy.Stream - INFO - Подписка на котировки 16d5ca0f-ea23-4ea2-9a17-dd8911912dac отменена
02.02.2025 11:48:21 - AlorPy.Stream - INFO - Текущий стакан MOEX.RIH5
02.02.2025 11:48:22 - AlorPy.Stream - DEBUG - {'snapshot': True, 'bids': [], 'asks': [], 'timestamp': 1738374006, 'ms_timestamp': 1738374006277, 'existing': True}
02.02.2025 11:48:22 - AlorPy.Stream - INFO - Визуализация стакана котировок
02.02.2025 11:48:22 - AlorPy.Stream - INFO - 5 секунд стакана
02.02.2025 11:48:23 - AlorPy.Stream - INFO - Подписка на стакан 713d7eb1-4596-47aa-95dd-5935d515858b тикера MOEX.RIH5 создана
02.02.2025 11:48:23 - AlorPy - DEBUG - websocket_handler: Пришли данные подписки OrderBookGetAndSubscribe - 713d7eb1-4596-47aa-95dd-5935d515858b - {'data': {'snapshot': True, 'bids': [], 'asks': [], 'timestamp': 1738374006, 'ms_timestamp': 1738374006277, 'existing': True}, 'guid': '713d7eb1-4596-47aa-95dd-5935d515858b'}
02.02.2025 11:48:23 - AlorPy.Stream - INFO - Стакан - {'snapshot': True, 'bids': [], 'asks': [], 'timestamp': 1738374006, 'ms_timestamp': 1738374006277, 'existing': True}
02.02.2025 11:48:28 - AlorPy.Stream - INFO - Подписка на стакан 4b033d4a-8e75-4aa1-b668-0f7c38450d98 отменена
02.02.2025 11:48:28 - AlorPy.Stream - INFO - Текущие котировки MOEX.RIH5
02.02.2025 11:48:30 - AlorPy.Stream - DEBUG - {'symbol': 'RTS-3.25', 'exchange': 'MOEX', 'description': 'RIH5', 'prev_close_price': 94620, 'last_price': 94770, 'last_price_timestamp': 1738356599, 'high_price': 95400, 'low_price': 94370, 'accruedInt': None, 'volume': 18069, 'open_interest': 143522, 'ask': 94780, 'bid': 94710, 'ask_vol': 80, 'bid_vol': 1, 'ob_ms_timestamp': 0, 'open_price': 94550, 'yield': None, 'lotsize': 1, 'lotvalue': 185760.95148, 'facevalue': 1, 'type': 'Фьючерсный контракт RTS-3.25', 'total_bid_vol': 5460, 'total_ask_vol': 2494, 'accrued_interest': None, 'change': 150, 'change_percent': 0.16}
02.02.2025 11:48:30 - AlorPy.Stream - INFO - Последняя цена сделки: 94770
02.02.2025 11:48:30 - AlorPy.Stream - INFO - 5 секунд котировок
02.02.2025 11:48:30 - AlorPy.Stream - INFO - Подписка на котировки 2b805723-b330-41e5-aeac-e0a156febefb тикера MOEX.RIH5 создана
02.02.2025 11:48:30 - AlorPy - DEBUG - websocket_handler: Пришли данные подписки QuotesSubscribe - 2b805723-b330-41e5-aeac-e0a156febefb - {'data': {'symbol': 'RTS-3.25', 'exchange': 'MOEX', 'description': 'RIH5', 'prev_close_price': 94620, 'last_price': 94770, 'last_price_timestamp': 1738356599, 'high_price': 95400, 'low_price': 94370, 'accruedInt': None, 'volume': 18069, 'open_interest': 143522, 'ask': 94780, 'bid': 94710, 'ask_vol': 80, 'bid_vol': 1, 'ob_ms_timestamp': 0, 'open_price': 94550, 'yield': None, 'lotsize': 1, 'lotvalue': 185760.95148, 'facevalue': 1, 'type': 'Фьючерсный контракт RTS-3.25', 'total_bid_vol': 5460, 'total_ask_vol': 2494, 'accrued_interest': None, 'change': 150, 'change_percent': 0.16}, 'guid': '2b805723-b330-41e5-aeac-e0a156febefb'}
02.02.2025 11:48:30 - AlorPy.Stream - INFO - Котировка - {'symbol': 'RTS-3.25', 'exchange': 'MOEX', 'description': 'RIH5', 'prev_close_price': 94620, 'last_price': 94770, 'last_price_timestamp': 1738356599, 'high_price': 95400, 'low_price': 94370, 'accruedInt': None, 'volume': 18069, 'open_interest': 143522, 'ask': 94780, 'bid': 94710, 'ask_vol': 80, 'bid_vol': 1, 'ob_ms_timestamp': 0, 'open_price': 94550, 'yield': None, 'lotsize': 1, 'lotvalue': 185760.95148, 'facevalue': 1, 'type': 'Фьючерсный контракт RTS-3.25', 'total_bid_vol': 5460, 'total_ask_vol': 2494, 'accrued_interest': None, 'change': 150, 'change_percent': 0.16}
02.02.2025 11:48:35 - AlorPy.Stream - INFO - Подписка на котировки 6c2053c0-e3b7-4dc3-91b7-b11f3cb724d7 отменена
